0 info it worked if it ends with ok
1 verbose cli [ 'C:\\Program Files\\nodejs\\node.exe',
1 verbose cli   'C:\\Program Files\\nodejs\\node_modules\\npm\\bin\\npm-cli.js',
1 verbose cli   'run',
1 verbose cli   'devstart' ]
2 info using npm@3.10.10
3 info using node@v6.11.0
4 verbose run-script [ 'predevstart', 'devstart', 'postdevstart' ]
5 info lifecycle myapp@0.0.0~predevstart: myapp@0.0.0
6 silly lifecycle myapp@0.0.0~predevstart: no script for predevstart, continuing
7 info lifecycle myapp@0.0.0~devstart: myapp@0.0.0
8 verbose lifecycle myapp@0.0.0~devstart: unsafe-perm in lifecycle true
9 verbose lifecycle myapp@0.0.0~devstart: PATH: C:\Program Files\nodejs\node_modules\npm\bin\node-gyp-bin;C:\Users\james\NodeProjects\myapp\node_modules\.bin;C:\Users\james\AppData\Roaming\npm;C:\Program Files\nodejs\;C:\Python27\;C:\Python27\Scripts;C:\ProgramData\Oracle\Java\javapath;C:\WINDOWS\system32;C:\WINDOWS;C:\WINDOWS\System32\Wbem;C:\WINDOWS\System32\WindowsPowerShell\v1.0\;C:\Program Files (x86)\Microsoft SQL Server\100\Tools\Binn\;C:\Program Files\Microsoft SQL Server\100\Tools\Binn\;C:\Program Files\Microsoft SQL Server\100\DTS\Binn\;C:\Program Files\Microsoft SQL Server\110\Tools\Binn\;C:\Program Files\Microsoft SQL Server\120\Tools\Binn\;C:\Program Files\Microsoft SQL Server\Client SDK\ODBC\110\Tools\Binn\;C:\Program Files (x86)\Microsoft SQL Server\120\Tools\Binn\;C:\Program Files\Microsoft SQL Server\120\DTS\Binn\;C:\Program Files (x86)\Microsoft SQL Server\120\Tools\Binn\ManagementStudio\;C:\Program Files (x86)\Microsoft SQL Server\120\DTS\Binn\;C:\Program Files (x86)\Microsoft Visual Studio 12.0\Common7\IDE\PrivateAssemblies\;C:\Program Files (x86)\MySQL\MySQL Fabric 1.5 & MySQL Utilities 1.5\;C:\Program Files (x86)\MySQL\MySQL Fabric 1.5 & MySQL Utilities 1.5\Doctrine extensions for PHP\;C:\Tomcat_7\bin;C:\Program Files\Java\jdk1.8.0_51\bin;C:\Program Files (x86)\Windows Kits\8.1\Windows Performance Toolkit\;C:\Oracle\Middleware\Oracle_Home\oracle_common\modules\org.apache.maven_3.2.5\bin;C:\Program Files\nodejs\;C:\Program Files\Git\cmd;C:\Users\james\AppData\Local\Microsoft\WindowsApps;C:\Users\james\AppData\Roaming\npm;;C:\Users\james\AppData\Local\Programs\Microsoft VS Code\bin
10 verbose lifecycle myapp@0.0.0~devstart: CWD: C:\Users\james\NodeProjects\myapp
11 silly lifecycle myapp@0.0.0~devstart: Args: [ '/d /s /c', 'nodemon ./bin/www' ]
12 silly lifecycle myapp@0.0.0~devstart: Returned: code: 1  signal: null
13 info lifecycle myapp@0.0.0~devstart: Failed to exec devstart script
14 verbose stack Error: myapp@0.0.0 devstart: `nodemon ./bin/www`
14 verbose stack Exit status 1
14 verbose stack     at EventEmitter.<anonymous> (C:\Program Files\nodejs\node_modules\npm\lib\utils\lifecycle.js:255:16)
14 verbose stack     at emitTwo (events.js:106:13)
14 verbose stack     at EventEmitter.emit (events.js:191:7)
14 verbose stack     at ChildProcess.<anonymous> (C:\Program Files\nodejs\node_modules\npm\lib\utils\spawn.js:40:14)
14 verbose stack     at emitTwo (events.js:106:13)
14 verbose stack     at ChildProcess.emit (events.js:191:7)
14 verbose stack     at maybeClose (internal/child_process.js:891:16)
14 verbose stack     at Process.ChildProcess._handle.onexit (internal/child_process.js:226:5)
15 verbose pkgid myapp@0.0.0
16 verbose cwd C:\Users\james\NodeProjects\myapp
17 error Windows_NT 10.0.16299
18 error argv "C:\\Program Files\\nodejs\\node.exe" "C:\\Program Files\\nodejs\\node_modules\\npm\\bin\\npm-cli.js" "run" "devstart"
19 error node v6.11.0
20 error npm  v3.10.10
21 error code ELIFECYCLE
22 error myapp@0.0.0 devstart: `nodemon ./bin/www`
22 error Exit status 1
23 error Failed at the myapp@0.0.0 devstart script 'nodemon ./bin/www'.
23 error Make sure you have the latest version of node.js and npm installed.
23 error If you do, this is most likely a problem with the myapp package,
23 error not with npm itself.
23 error Tell the author that this fails on your system:
23 error     nodemon ./bin/www
23 error You can get information on how to open an issue for this project with:
23 error     npm bugs myapp
23 error Or if that isn't available, you can get their info via:
23 error     npm owner ls myapp
23 error There is likely additional logging output above.
24 verbose exit [ 1, true ]
